40c75d3922b0
 INFO - ::group::Log message source details
*** Found local files:
***   * /usr/local/airflow/logs/dag_id=nba_data_pipeline/run_id=manual__2025-04-02T14:40:09.545798+00:00/task_id=load_nba_stats_to_snowflake/attempt=1.log
 INFO - ::endgroup::
[2025-04-02T14:40:19.315+0000] {local_task_job_runner.py:123} INFO - ::group::Pre task execution logs
[2025-04-02T14:40:19.324+0000] {taskinstance.py:2614} INFO - Dependencies all met for dep_context=non-requeueable deps ti=<TaskInstance: nba_data_pipeline.load_nba_stats_to_snowflake manual__2025-04-02T14:40:09.545798+00:00 [queued]>
[2025-04-02T14:40:19.328+0000] {taskinstance.py:2614} INFO - Dependencies all met for dep_context=requeueable deps ti=<TaskInstance: nba_data_pipeline.load_nba_stats_to_snowflake manual__2025-04-02T14:40:09.545798+00:00 [queued]>
[2025-04-02T14:40:19.328+0000] {taskinstance.py:2867} INFO - Starting attempt 1 of 1
[2025-04-02T14:40:19.333+0000] {taskinstance.py:2890} INFO - Executing <Task(PythonOperator): load_nba_stats_to_snowflake> on 2025-04-02 14:40:09.545798+00:00
[2025-04-02T14:40:19.340+0000] {standard_task_runner.py:104} INFO - Running: ['airflow', 'tasks', 'run', 'nba_data_pipeline', 'load_nba_stats_to_snowflake', 'manual__2025-04-02T14:40:09.545798+00:00', '--job-id', '271', '--raw', '--subdir', 'DAGS_FOLDER/upload_to_azure.py', '--cfg-path', '/tmp/tmp13f2mgbn']
[2025-04-02T14:40:19.342+0000] {logging_mixin.py:190} WARNING - /usr/local/lib/python3.12/site-packages/airflow/task/task_runner/standard_task_runner.py:70 DeprecationWarning: This process (pid=279) is multi-threaded, use of fork() may lead to deadlocks in the child.
[2025-04-02T14:40:19.342+0000] {standard_task_runner.py:105} INFO - Job 271: Subtask load_nba_stats_to_snowflake
[2025-04-02T14:40:19.342+0000] {standard_task_runner.py:72} INFO - Started process 280 to run task
[2025-04-02T14:40:19.394+0000] {task_command.py:467} INFO - Running <TaskInstance: nba_data_pipeline.load_nba_stats_to_snowflake manual__2025-04-02T14:40:09.545798+00:00 [running]> on host 40c75d3922b0
[2025-04-02T14:40:19.461+0000] {taskinstance.py:3134} INFO - Exporting env vars: AIRFLOW_CTX_DAG_OWNER='airflow' AIRFLOW_CTX_DAG_ID='nba_data_pipeline' AIRFLOW_CTX_TASK_ID='load_nba_stats_to_snowflake' AIRFLOW_CTX_EXECUTION_DATE='2025-04-02T14:40:09.545798+00:00' AIRFLOW_CTX_TRY_NUMBER='1' AIRFLOW_CTX_DAG_RUN_ID='manual__2025-04-02T14:40:09.545798+00:00'
[2025-04-02T14:40:19.467+0000] {taskinstance.py:732} INFO - ::endgroup::
[2025-04-02T14:40:19.493+0000] {base.py:84} INFO - Retrieving connection 'snowflake_conn'
[2025-04-02T14:40:19.494+0000] {connection.py:423} INFO - Snowflake Connector for Python Version: 3.14.0, Python Version: 3.12.9, Platform: Linux-6.12.5-linuxkit-aarch64-with-glibc2.36
[2025-04-02T14:40:19.495+0000] {connection.py:1226} INFO - Connecting to GLOBAL Snowflake domain
[2025-04-02T14:40:19.495+0000] {connection.py:1315} INFO - This connection is in OCSP Fail Open Mode. TLS Certificates would be checked for validity and revocation status. Any other Certificate Revocation related exceptions or OCSP Responder failures would be disregarded in favor of connectivity.
[2025-04-02T14:40:19.933+0000] {sql.py:511} INFO - Running statement: COPY INTO MASTER.STAGE.NBA_STATS
        FROM @NBA_STATS_STAGE/nba_stats/nba_stats_2025.csv
        FILE_FORMAT = (TYPE = 'CSV', SKIP_HEADER = 1, FIELD_OPTIONALLY_ENCLOSED_BY='"');, parameters: None
[2025-04-02T14:40:21.926+0000] {sql.py:520} INFO - Rows affected: 1
[2025-04-02T14:40:21.929+0000] {snowflake.py:487} INFO - Rows affected: 1
[2025-04-02T14:40:21.929+0000] {snowflake.py:488} INFO - Snowflake query id: 01bb6bf0-0001-6d05-0002-b4020002803a
[2025-04-02T14:40:22.123+0000] {connection.py:810} INFO - closed
[2025-04-02T14:40:22.156+0000] {connection.py:816} INFO - No async queries seem to be running, deleting session
[2025-04-02T14:40:22.203+0000] {logging_mixin.py:190} INFO - Loaded data from nba_stats/nba_stats_2025.csv into NBA_STATS.
[2025-04-02T14:40:22.204+0000] {python.py:240} INFO - Done. Returned value was: None
[2025-04-02T14:40:22.245+0000] {taskinstance.py:341} INFO - ::group::Post task execution logs
[2025-04-02T14:40:22.246+0000] {taskinstance.py:353} INFO - Marking task as SUCCESS. dag_id=nba_data_pipeline, task_id=load_nba_stats_to_snowflake, run_id=manual__2025-04-02T14:40:09.545798+00:00, execution_date=20250402T144009, start_date=20250402T144019, end_date=20250402T144022
[2025-04-02T14:40:22.296+0000] {local_task_job_runner.py:266} INFO - Task exited with return code 0
[2025-04-02T14:40:22.321+0000] {taskinstance.py:3901} INFO - 1 downstream tasks scheduled from follow-on schedule check
[2025-04-02T14:40:22.321+0000] {local_task_job_runner.py:245} INFO - ::endgroup::
