40c75d3922b0
 INFO - ::group::Log message source details
*** Found local files:
***   * /usr/local/airflow/logs/dag_id=nba_data_pipeline/run_id=manual__2025-04-06T15:58:03.117062+00:00/task_id=load_nba_salaries_to_snowflake/attempt=1.log
 INFO - ::endgroup::
[2025-04-06T15:59:17.320+0000] {local_task_job_runner.py:123} INFO - ::group::Pre task execution logs
[2025-04-06T15:59:17.338+0000] {taskinstance.py:2614} INFO - Dependencies all met for dep_context=non-requeueable deps ti=<TaskInstance: nba_data_pipeline.load_nba_salaries_to_snowflake manual__2025-04-06T15:58:03.117062+00:00 [queued]>
[2025-04-06T15:59:17.344+0000] {taskinstance.py:2614} INFO - Dependencies all met for dep_context=requeueable deps ti=<TaskInstance: nba_data_pipeline.load_nba_salaries_to_snowflake manual__2025-04-06T15:58:03.117062+00:00 [queued]>
[2025-04-06T15:59:17.344+0000] {taskinstance.py:2867} INFO - Starting attempt 1 of 1
[2025-04-06T15:59:17.353+0000] {taskinstance.py:2890} INFO - Executing <Task(PythonOperator): load_nba_salaries_to_snowflake> on 2025-04-06 15:58:03.117062+00:00
[2025-04-06T15:59:17.366+0000] {standard_task_runner.py:104} INFO - Running: ['airflow', 'tasks', 'run', 'nba_data_pipeline', 'load_nba_salaries_to_snowflake', 'manual__2025-04-06T15:58:03.117062+00:00', '--job-id', '319', '--raw', '--subdir', 'DAGS_FOLDER/ELTPipeline.py', '--cfg-path', '/tmp/tmpt4n48ic1']
[2025-04-06T15:59:17.369+0000] {standard_task_runner.py:105} INFO - Job 319: Subtask load_nba_salaries_to_snowflake
[2025-04-06T15:59:17.371+0000] {logging_mixin.py:190} WARNING - /usr/local/lib/python3.12/site-packages/airflow/task/task_runner/standard_task_runner.py:70 DeprecationWarning: This process (pid=738) is multi-threaded, use of fork() may lead to deadlocks in the child.
[2025-04-06T15:59:17.371+0000] {standard_task_runner.py:72} INFO - Started process 741 to run task
[2025-04-06T15:59:17.415+0000] {task_command.py:467} INFO - Running <TaskInstance: nba_data_pipeline.load_nba_salaries_to_snowflake manual__2025-04-06T15:58:03.117062+00:00 [running]> on host 40c75d3922b0
[2025-04-06T15:59:17.470+0000] {taskinstance.py:3134} INFO - Exporting env vars: AIRFLOW_CTX_DAG_OWNER='airflow' AIRFLOW_CTX_DAG_ID='nba_data_pipeline' AIRFLOW_CTX_TASK_ID='load_nba_salaries_to_snowflake' AIRFLOW_CTX_EXECUTION_DATE='2025-04-06T15:58:03.117062+00:00' AIRFLOW_CTX_TRY_NUMBER='1' AIRFLOW_CTX_DAG_RUN_ID='manual__2025-04-06T15:58:03.117062+00:00'
[2025-04-06T15:59:17.474+0000] {taskinstance.py:732} INFO - ::endgroup::
[2025-04-06T15:59:17.509+0000] {base.py:84} INFO - Retrieving connection 'snowflake_conn'
[2025-04-06T15:59:17.510+0000] {connection.py:423} INFO - Snowflake Connector for Python Version: 3.14.0, Python Version: 3.12.9, Platform: Linux-6.12.5-linuxkit-aarch64-with-glibc2.36
[2025-04-06T15:59:17.511+0000] {connection.py:1226} INFO - Connecting to GLOBAL Snowflake domain
[2025-04-06T15:59:17.511+0000] {connection.py:1315} INFO - This connection is in OCSP Fail Open Mode. TLS Certificates would be checked for validity and revocation status. Any other Certificate Revocation related exceptions or OCSP Responder failures would be disregarded in favor of connectivity.
[2025-04-06T15:59:18.532+0000] {sql.py:511} INFO - Running statement: COPY INTO MASTER.STAGE.SALARIES
        FROM @NBA_STATS_STAGE/nba_salaries/nba_salaries.parquet
        FILE_FORMAT = (TYPE = 'PARQUET')
        MATCH_BY_COLUMN_NAME = case_insensitive;, parameters: None
[2025-04-06T15:59:21.064+0000] {sql.py:520} INFO - Rows affected: 1
[2025-04-06T15:59:21.068+0000] {snowflake.py:487} INFO - Rows affected: 1
[2025-04-06T15:59:21.070+0000] {snowflake.py:488} INFO - Snowflake query id: 01bb82bf-0001-6e9a-0002-b40200043086
[2025-04-06T15:59:21.839+0000] {connection.py:810} INFO - closed
[2025-04-06T15:59:21.875+0000] {connection.py:816} INFO - No async queries seem to be running, deleting session
[2025-04-06T15:59:22.053+0000] {logging_mixin.py:190} INFO - Loaded data from nba_salaries/nba_salaries.parquet into SALARIES.
[2025-04-06T15:59:22.055+0000] {python.py:240} INFO - Done. Returned value was: None
[2025-04-06T15:59:22.073+0000] {taskinstance.py:341} INFO - ::group::Post task execution logs
[2025-04-06T15:59:22.073+0000] {taskinstance.py:353} INFO - Marking task as SUCCESS. dag_id=nba_data_pipeline, task_id=load_nba_salaries_to_snowflake, run_id=manual__2025-04-06T15:58:03.117062+00:00, execution_date=20250406T155803, start_date=20250406T155917, end_date=20250406T155922
[2025-04-06T15:59:22.109+0000] {local_task_job_runner.py:266} INFO - Task exited with return code 0
[2025-04-06T15:59:22.138+0000] {taskinstance.py:3901} INFO - 1 downstream tasks scheduled from follow-on schedule check
[2025-04-06T15:59:22.139+0000] {local_task_job_runner.py:245} INFO - ::endgroup::
