40c75d3922b0
 INFO - ::group::Log message source details
*** Found local files:
***   * /usr/local/airflow/logs/dag_id=nba_data_pipeline/run_id=manual__2025-04-02T14:40:09.545798+00:00/task_id=get_nba_salaries/attempt=1.log
 INFO - ::endgroup::
[2025-04-02T14:40:11.080+0000] {local_task_job_runner.py:123} INFO - ::group::Pre task execution logs
[2025-04-02T14:40:11.088+0000] {taskinstance.py:2614} INFO - Dependencies all met for dep_context=non-requeueable deps ti=<TaskInstance: nba_data_pipeline.get_nba_salaries manual__2025-04-02T14:40:09.545798+00:00 [queued]>
[2025-04-02T14:40:11.092+0000] {taskinstance.py:2614} INFO - Dependencies all met for dep_context=requeueable deps ti=<TaskInstance: nba_data_pipeline.get_nba_salaries manual__2025-04-02T14:40:09.545798+00:00 [queued]>
[2025-04-02T14:40:11.092+0000] {taskinstance.py:2867} INFO - Starting attempt 1 of 1
[2025-04-02T14:40:11.101+0000] {taskinstance.py:2890} INFO - Executing <Task(PythonOperator): get_nba_salaries> on 2025-04-02 14:40:09.545798+00:00
[2025-04-02T14:40:11.113+0000] {logging_mixin.py:190} WARNING - /usr/local/lib/python3.12/site-packages/airflow/task/task_runner/standard_task_runner.py:70 DeprecationWarning: This process (pid=264) is multi-threaded, use of fork() may lead to deadlocks in the child.
[2025-04-02T14:40:11.114+0000] {standard_task_runner.py:72} INFO - Started process 267 to run task
[2025-04-02T14:40:11.114+0000] {standard_task_runner.py:104} INFO - Running: ['airflow', 'tasks', 'run', 'nba_data_pipeline', 'get_nba_salaries', 'manual__2025-04-02T14:40:09.545798+00:00', '--job-id', '267', '--raw', '--subdir', 'DAGS_FOLDER/upload_to_azure.py', '--cfg-path', '/tmp/tmpvkrstqw9']
[2025-04-02T14:40:11.121+0000] {standard_task_runner.py:105} INFO - Job 267: Subtask get_nba_salaries
[2025-04-02T14:40:11.161+0000] {task_command.py:467} INFO - Running <TaskInstance: nba_data_pipeline.get_nba_salaries manual__2025-04-02T14:40:09.545798+00:00 [running]> on host 40c75d3922b0
[2025-04-02T14:40:11.203+0000] {taskinstance.py:3134} INFO - Exporting env vars: AIRFLOW_CTX_DAG_OWNER='airflow' AIRFLOW_CTX_DAG_ID='nba_data_pipeline' AIRFLOW_CTX_TASK_ID='get_nba_salaries' AIRFLOW_CTX_EXECUTION_DATE='2025-04-02T14:40:09.545798+00:00' AIRFLOW_CTX_TRY_NUMBER='1' AIRFLOW_CTX_DAG_RUN_ID='manual__2025-04-02T14:40:09.545798+00:00'
[2025-04-02T14:40:11.205+0000] {taskinstance.py:732} INFO - ::endgroup::
[2025-04-02T14:40:11.429+0000] {logging_mixin.py:190} INFO - NBA salaries saved to /tmp/nba_salaries.csv
[2025-04-02T14:40:11.430+0000] {python.py:240} INFO - Done. Returned value was: /tmp/nba_salaries.csv
[2025-04-02T14:40:11.443+0000] {taskinstance.py:341} INFO - ::group::Post task execution logs
[2025-04-02T14:40:11.443+0000] {taskinstance.py:353} INFO - Marking task as SUCCESS. dag_id=nba_data_pipeline, task_id=get_nba_salaries, run_id=manual__2025-04-02T14:40:09.545798+00:00, execution_date=20250402T144009, start_date=20250402T144011, end_date=20250402T144011
[2025-04-02T14:40:11.461+0000] {local_task_job_runner.py:266} INFO - Task exited with return code 0
[2025-04-02T14:40:11.474+0000] {taskinstance.py:3901} INFO - 1 downstream tasks scheduled from follow-on schedule check
[2025-04-02T14:40:11.475+0000] {local_task_job_runner.py:245} INFO - ::endgroup::
