40c75d3922b0
 INFO - ::group::Log message source details
*** Found local files:
***   * /usr/local/airflow/logs/dag_id=nba_data_pipeline/run_id=manual__2025-04-06T15:58:03.117062+00:00/task_id=convert_csv_to_parquet/attempt=1.log
 INFO - ::endgroup::
[2025-04-06T15:58:12.574+0000] {local_task_job_runner.py:123} INFO - ::group::Pre task execution logs
[2025-04-06T15:58:12.587+0000] {taskinstance.py:2614} INFO - Dependencies all met for dep_context=non-requeueable deps ti=<TaskInstance: nba_data_pipeline.convert_csv_to_parquet manual__2025-04-06T15:58:03.117062+00:00 [queued]>
[2025-04-06T15:58:12.593+0000] {taskinstance.py:2614} INFO - Dependencies all met for dep_context=requeueable deps ti=<TaskInstance: nba_data_pipeline.convert_csv_to_parquet manual__2025-04-06T15:58:03.117062+00:00 [queued]>
[2025-04-06T15:58:12.593+0000] {taskinstance.py:2867} INFO - Starting attempt 1 of 1
[2025-04-06T15:58:12.599+0000] {taskinstance.py:2890} INFO - Executing <Task(AzureDataFactoryRunPipelineOperator): convert_csv_to_parquet> on 2025-04-06 15:58:03.117062+00:00
[2025-04-06T15:58:12.606+0000] {logging_mixin.py:190} WARNING - /usr/local/lib/python3.12/site-packages/airflow/task/task_runner/standard_task_runner.py:70 DeprecationWarning: This process (pid=725) is multi-threaded, use of fork() may lead to deadlocks in the child.
[2025-04-06T15:58:12.606+0000] {standard_task_runner.py:104} INFO - Running: ['airflow', 'tasks', 'run', 'nba_data_pipeline', 'convert_csv_to_parquet', 'manual__2025-04-06T15:58:03.117062+00:00', '--job-id', '317', '--raw', '--subdir', 'DAGS_FOLDER/ELTPipeline.py', '--cfg-path', '/tmp/tmpwur203yu']
[2025-04-06T15:58:12.607+0000] {standard_task_runner.py:72} INFO - Started process 726 to run task
[2025-04-06T15:58:12.609+0000] {standard_task_runner.py:105} INFO - Job 317: Subtask convert_csv_to_parquet
[2025-04-06T15:58:12.645+0000] {task_command.py:467} INFO - Running <TaskInstance: nba_data_pipeline.convert_csv_to_parquet manual__2025-04-06T15:58:03.117062+00:00 [running]> on host 40c75d3922b0
[2025-04-06T15:58:12.699+0000] {taskinstance.py:3134} INFO - Exporting env vars: AIRFLOW_CTX_DAG_OWNER='airflow' AIRFLOW_CTX_DAG_ID='nba_data_pipeline' AIRFLOW_CTX_TASK_ID='convert_csv_to_parquet' AIRFLOW_CTX_EXECUTION_DATE='2025-04-06T15:58:03.117062+00:00' AIRFLOW_CTX_TRY_NUMBER='1' AIRFLOW_CTX_DAG_RUN_ID='manual__2025-04-06T15:58:03.117062+00:00'
[2025-04-06T15:58:12.701+0000] {taskinstance.py:732} INFO - ::endgroup::
[2025-04-06T15:58:12.720+0000] {data_factory.py:176} INFO - Executing the nba_convert_csv_to_parquet pipeline.
[2025-04-06T15:58:12.733+0000] {connection.py:277} WARNING - Connection schemes (type: azure_data_factory) shall not contain '_' according to RFC3986.
[2025-04-06T15:58:12.733+0000] {base.py:84} INFO - Retrieving connection 'azure_data_factory_conn'
[2025-04-06T15:58:12.740+0000] {_universal.py:509} INFO - Request URL: 'https://login.microsoftonline.com/98939836-abd5-4abe-b5d0-fb81ec11b6bb/v2.0/.well-known/openid-configuration'
Request method: 'GET'
Request headers:
    'User-Agent': 'azsdk-python-identity/1.19.0 Python/3.12.9 (Linux-6.12.5-linuxkit-aarch64-with-glibc2.36)'
No body was attached to the request
[2025-04-06T15:58:13.201+0000] {_universal.py:545} INFO - Response status: 200
Response headers:
    'Cache-Control': 'max-age=86400, private'
    'Content-Type': 'application/json; charset=utf-8'
    'Strict-Transport-Security': 'REDACTED'
    'X-Content-Type-Options': 'REDACTED'
    'Access-Control-Allow-Origin': 'REDACTED'
    'Access-Control-Allow-Methods': 'REDACTED'
    'P3P': 'REDACTED'
    'x-ms-request-id': 'f4cef7fd-fff4-4949-aad1-26ead840bf00'
    'x-ms-ests-server': 'REDACTED'
    'x-ms-srs': 'REDACTED'
    'Content-Security-Policy-Report-Only': 'REDACTED'
    'X-XSS-Protection': 'REDACTED'
    'Set-Cookie': 'REDACTED'
    'Date': 'Sun, 06 Apr 2025 15:58:13 GMT'
    'Content-Length': '1753'
[2025-04-06T15:58:13.204+0000] {_universal.py:506} INFO - Request URL: 'https://login.microsoftonline.com/98939836-abd5-4abe-b5d0-fb81ec11b6bb/oauth2/v2.0/token'
Request method: 'POST'
Request headers:
    'Accept': 'application/json'
    'x-client-sku': 'REDACTED'
    'x-client-ver': 'REDACTED'
    'x-client-os': 'REDACTED'
    'x-ms-lib-capability': 'REDACTED'
    'client-request-id': 'REDACTED'
    'x-client-current-telemetry': 'REDACTED'
    'x-client-last-telemetry': 'REDACTED'
    'User-Agent': 'azsdk-python-identity/1.19.0 Python/3.12.9 (Linux-6.12.5-linuxkit-aarch64-with-glibc2.36)'
A body is sent with the request
[2025-04-06T15:58:13.362+0000] {_universal.py:545} INFO - Response status: 200
Response headers:
    'Cache-Control': 'no-store, no-cache'
    'Pragma': 'no-cache'
    'Content-Type': 'application/json; charset=utf-8'
    'Expires': '-1'
    'Strict-Transport-Security': 'REDACTED'
    'X-Content-Type-Options': 'REDACTED'
    'P3P': 'REDACTED'
    'client-request-id': 'REDACTED'
    'x-ms-request-id': 'c4e4c057-dea7-49cd-bdef-f5fdc049bd00'
    'x-ms-ests-server': 'REDACTED'
    'x-ms-clitelem': 'REDACTED'
    'x-ms-srs': 'REDACTED'
    'Content-Security-Policy-Report-Only': 'REDACTED'
    'X-XSS-Protection': 'REDACTED'
    'Set-Cookie': 'REDACTED'
    'Date': 'Sun, 06 Apr 2025 15:58:13 GMT'
    'Content-Length': '1397'
[2025-04-06T15:58:13.363+0000] {get_token_mixin.py:148} INFO - ClientSecretCredential.get_token_info succeeded
[2025-04-06T15:58:13.363+0000] {_universal.py:509} INFO - Request URL: 'https://management.azure.com/subscriptions/7f767a58-3317-4c64-8a4f-e03e57b6ba15/resourceGroups/nba-rg/providers/Microsoft.DataFactory/factories/adf-nba-mzubac125/pipelines/nba_convert_csv_to_parquet/createRun?api-version=REDACTED'
Request method: 'POST'
Request headers:
    'Content-Type': 'application/json'
    'Accept': 'application/json'
    'x-ms-client-request-id': 'f1931d4a-12ff-11f0-b77b-0242ac120004'
    'User-Agent': 'azsdk-python-mgmt-datafactory/9.0.0 Python/3.12.9 (Linux-6.12.5-linuxkit-aarch64-with-glibc2.36)'
    'Authorization': 'REDACTED'
No body was attached to the request
[2025-04-06T15:58:14.116+0000] {_universal.py:545} INFO - Response status: 200
Response headers:
    'Cache-Control': 'no-cache'
    'Pragma': 'no-cache'
    'Content-Length': '53'
    'Content-Type': 'application/json; charset=utf-8'
    'Expires': '-1'
    'x-ms-correlation-request-id': 'REDACTED'
    'x-ms-operation-identifier': 'REDACTED'
    'x-ms-ratelimit-remaining-subscription-writes': '199'
    'x-ms-ratelimit-remaining-subscription-global-writes': 'REDACTED'
    'x-ms-request-id': 'cf30c63a-cbec-4149-acfb-935b789e8a52'
    'x-ms-routing-request-id': 'REDACTED'
    'Strict-Transport-Security': 'REDACTED'
    'X-Content-Type-Options': 'REDACTED'
    'X-Cache': 'REDACTED'
    'X-MSEdge-Ref': 'Ref A: 0FB21BACC57E4314B58F38A79EF79428 Ref B: YTO221090811049 Ref C: 2025-04-06T15:58:13Z'
    'Date': 'Sun, 06 Apr 2025 15:58:13 GMT'
[2025-04-06T15:58:14.148+0000] {data_factory.py:195} INFO - Waiting for pipeline run f1931d4a-12ff-11f0-b77b-0242ac120004 to terminate.
[2025-04-06T15:58:14.149+0000] {data_factory.py:805} INFO - Getting the status of run ID f1931d4a-12ff-11f0-b77b-0242ac120004.
[2025-04-06T15:58:14.150+0000] {_universal.py:509} INFO - Request URL: 'https://management.azure.com/subscriptions/7f767a58-3317-4c64-8a4f-e03e57b6ba15/resourceGroups/nba-rg/providers/Microsoft.DataFactory/factories/adf-nba-mzubac125/pipelineruns/f1931d4a-12ff-11f0-b77b-0242ac120004?api-version=REDACTED'
Request method: 'GET'
Request headers:
    'Accept': 'application/json'
    'x-ms-client-request-id': 'f26a49b4-12ff-11f0-b77b-0242ac120004'
    'User-Agent': 'azsdk-python-mgmt-datafactory/9.0.0 Python/3.12.9 (Linux-6.12.5-linuxkit-aarch64-with-glibc2.36)'
    'Authorization': 'REDACTED'
No body was attached to the request
[2025-04-06T15:58:14.414+0000] {_universal.py:545} INFO - Response status: 200
Response headers:
    'Cache-Control': 'no-cache'
    'Pragma': 'no-cache'
    'Content-Length': '788'
    'Content-Type': 'application/json; charset=utf-8'
    'Expires': '-1'
    'x-ms-correlation-request-id': 'REDACTED'
    'x-ms-operation-identifier': 'REDACTED'
    'x-ms-ratelimit-remaining-subscription-reads': '249'
    'x-ms-ratelimit-remaining-subscription-global-reads': 'REDACTED'
    'x-ms-request-id': 'ea54b3e7-b4fd-4e0d-aac0-d7cf6b85223b'
    'x-ms-routing-request-id': 'REDACTED'
    'Strict-Transport-Security': 'REDACTED'
    'X-Content-Type-Options': 'REDACTED'
    'X-Cache': 'REDACTED'
    'X-MSEdge-Ref': 'Ref A: EFAB45FC641B4EA9B1B9FCB5DCA79977 Ref B: YTO221090811049 Ref C: 2025-04-06T15:58:14Z'
    'Date': 'Sun, 06 Apr 2025 15:58:13 GMT'
[2025-04-06T15:58:14.424+0000] {data_factory.py:807} INFO - Current status of pipeline run f1931d4a-12ff-11f0-b77b-0242ac120004: InProgress
[2025-04-06T15:59:14.427+0000] {data_factory.py:805} INFO - Getting the status of run ID f1931d4a-12ff-11f0-b77b-0242ac120004.
[2025-04-06T15:59:14.439+0000] {_universal.py:509} INFO - Request URL: 'https://management.azure.com/subscriptions/7f767a58-3317-4c64-8a4f-e03e57b6ba15/resourceGroups/nba-rg/providers/Microsoft.DataFactory/factories/adf-nba-mzubac125/pipelineruns/f1931d4a-12ff-11f0-b77b-0242ac120004?api-version=REDACTED'
Request method: 'GET'
Request headers:
    'Accept': 'application/json'
    'x-ms-client-request-id': '16597e58-1300-11f0-b77b-0242ac120004'
    'User-Agent': 'azsdk-python-mgmt-datafactory/9.0.0 Python/3.12.9 (Linux-6.12.5-linuxkit-aarch64-with-glibc2.36)'
    'Authorization': 'REDACTED'
No body was attached to the request
[2025-04-06T15:59:14.754+0000] {_universal.py:545} INFO - Response status: 200
Response headers:
    'Cache-Control': 'no-cache'
    'Pragma': 'no-cache'
    'Content-Length': '812'
    'Content-Type': 'application/json; charset=utf-8'
    'Expires': '-1'
    'x-ms-correlation-request-id': 'REDACTED'
    'x-ms-operation-identifier': 'REDACTED'
    'x-ms-ratelimit-remaining-subscription-reads': '249'
    'x-ms-ratelimit-remaining-subscription-global-reads': 'REDACTED'
    'x-ms-request-id': 'c130da20-a802-44b4-a6f0-9e07dddd286c'
    'x-ms-routing-request-id': 'REDACTED'
    'Strict-Transport-Security': 'REDACTED'
    'X-Content-Type-Options': 'REDACTED'
    'X-Cache': 'REDACTED'
    'X-MSEdge-Ref': 'Ref A: E914C3C7A1624E4C8445EED310BFDCFA Ref B: YTO221090811049 Ref C: 2025-04-06T15:59:14Z'
    'Date': 'Sun, 06 Apr 2025 15:59:14 GMT'
[2025-04-06T15:59:14.758+0000] {data_factory.py:807} INFO - Current status of pipeline run f1931d4a-12ff-11f0-b77b-0242ac120004: Succeeded
[2025-04-06T15:59:14.758+0000] {data_factory.py:205} INFO - Pipeline run f1931d4a-12ff-11f0-b77b-0242ac120004 has completed successfully.
[2025-04-06T15:59:14.789+0000] {taskinstance.py:341} INFO - ::group::Post task execution logs
[2025-04-06T15:59:14.790+0000] {taskinstance.py:353} INFO - Marking task as SUCCESS. dag_id=nba_data_pipeline, task_id=convert_csv_to_parquet, run_id=manual__2025-04-06T15:58:03.117062+00:00, execution_date=20250406T155803, start_date=20250406T155812, end_date=20250406T155914
[2025-04-06T15:59:14.833+0000] {local_task_job_runner.py:266} INFO - Task exited with return code 0
[2025-04-06T15:59:14.882+0000] {taskinstance.py:3901} INFO - 2 downstream tasks scheduled from follow-on schedule check
[2025-04-06T15:59:14.883+0000] {local_task_job_runner.py:245} INFO - ::endgroup::
