40c75d3922b0
 INFO - ::group::Log message source details
*** Found local files:
***   * /usr/local/airflow/logs/dag_id=nba_data_pipeline/run_id=manual__2025-04-02T14:40:09.545798+00:00/task_id=dbt_run/attempt=1.log
 INFO - ::endgroup::
[2025-04-02T14:40:23.834+0000] {local_task_job_runner.py:123} INFO - ::group::Pre task execution logs
[2025-04-02T14:40:23.843+0000] {taskinstance.py:2614} INFO - Dependencies all met for dep_context=non-requeueable deps ti=<TaskInstance: nba_data_pipeline.dbt_run manual__2025-04-02T14:40:09.545798+00:00 [queued]>
[2025-04-02T14:40:23.848+0000] {taskinstance.py:2614} INFO - Dependencies all met for dep_context=requeueable deps ti=<TaskInstance: nba_data_pipeline.dbt_run manual__2025-04-02T14:40:09.545798+00:00 [queued]>
[2025-04-02T14:40:23.848+0000] {taskinstance.py:2867} INFO - Starting attempt 1 of 1
[2025-04-02T14:40:23.853+0000] {taskinstance.py:2890} INFO - Executing <Task(BashOperator): dbt_run> on 2025-04-02 14:40:09.545798+00:00
[2025-04-02T14:40:23.860+0000] {standard_task_runner.py:104} INFO - Running: ['airflow', 'tasks', 'run', 'nba_data_pipeline', 'dbt_run', 'manual__2025-04-02T14:40:09.545798+00:00', '--job-id', '272', '--raw', '--subdir', 'DAGS_FOLDER/upload_to_azure.py', '--cfg-path', '/tmp/tmpnkwyj1bg']
[2025-04-02T14:40:23.862+0000] {logging_mixin.py:190} WARNING - /usr/local/lib/python3.12/site-packages/airflow/task/task_runner/standard_task_runner.py:70 DeprecationWarning: This process (pid=282) is multi-threaded, use of fork() may lead to deadlocks in the child.
[2025-04-02T14:40:23.862+0000] {standard_task_runner.py:105} INFO - Job 272: Subtask dbt_run
[2025-04-02T14:40:23.862+0000] {standard_task_runner.py:72} INFO - Started process 283 to run task
[2025-04-02T14:40:23.886+0000] {task_command.py:467} INFO - Running <TaskInstance: nba_data_pipeline.dbt_run manual__2025-04-02T14:40:09.545798+00:00 [running]> on host 40c75d3922b0
[2025-04-02T14:40:23.937+0000] {taskinstance.py:3134} INFO - Exporting env vars: AIRFLOW_CTX_DAG_OWNER='airflow' AIRFLOW_CTX_DAG_ID='nba_data_pipeline' AIRFLOW_CTX_TASK_ID='dbt_run' AIRFLOW_CTX_EXECUTION_DATE='2025-04-02T14:40:09.545798+00:00' AIRFLOW_CTX_TRY_NUMBER='1' AIRFLOW_CTX_DAG_RUN_ID='manual__2025-04-02T14:40:09.545798+00:00'
[2025-04-02T14:40:23.938+0000] {taskinstance.py:732} INFO - ::endgroup::
[2025-04-02T14:40:23.945+0000] {subprocess.py:78} INFO - Tmp dir root location: /tmp
[2025-04-02T14:40:23.946+0000] {subprocess.py:88} INFO - Running command: ['/usr/bin/bash', '-c', 'cd /usr/local/airflow/dags/dbt/nba_stats && dbt run']
[2025-04-02T14:40:23.952+0000] {subprocess.py:99} INFO - Output:
[2025-04-02T14:40:24.997+0000] {subprocess.py:106} INFO - [0m14:40:24  Running with dbt=1.9.3
[2025-04-02T14:40:25.496+0000] {subprocess.py:106} INFO - [0m14:40:25  Registered adapter: snowflake=1.9.2
[2025-04-02T14:40:25.741+0000] {subprocess.py:106} INFO - [0m14:40:25  Found 3 models, 2 sources, 474 macros
[2025-04-02T14:40:25.742+0000] {subprocess.py:106} INFO - [0m14:40:25
[2025-04-02T14:40:25.742+0000] {subprocess.py:106} INFO - [0m14:40:25  Concurrency: 10 threads (target='dev')
[2025-04-02T14:40:25.743+0000] {subprocess.py:106} INFO - [0m14:40:25
[2025-04-02T14:40:26.475+0000] {subprocess.py:106} INFO - [0m14:40:26  1 of 3 START sql table model STAGE.FactPlayer .................................. [RUN]
[2025-04-02T14:40:26.476+0000] {subprocess.py:106} INFO - [0m14:40:26  2 of 3 START sql view model STAGE.stg_nba_salaries ............................. [RUN]
[2025-04-02T14:40:26.478+0000] {subprocess.py:106} INFO - [0m14:40:26  3 of 3 START sql view model STAGE.stg_nba_stats ................................ [RUN]
[2025-04-02T14:40:27.404+0000] {subprocess.py:106} INFO - [0m14:40:27  2 of 3 OK created sql view model STAGE.stg_nba_salaries ........................ [[32mSUCCESS 1[0m in 0.92s]
[2025-04-02T14:40:27.789+0000] {subprocess.py:106} INFO - [0m14:40:27  3 of 3 OK created sql view model STAGE.stg_nba_stats ........................... [[32mSUCCESS 1[0m in 1.31s]
[2025-04-02T14:40:28.408+0000] {subprocess.py:106} INFO - [0m14:40:28  1 of 3 OK created sql table model STAGE.FactPlayer ............................. [[32mSUCCESS 1[0m in 1.93s]
[2025-04-02T14:40:28.672+0000] {subprocess.py:106} INFO - [0m14:40:28
[2025-04-02T14:40:28.674+0000] {subprocess.py:106} INFO - [0m14:40:28  Finished running 1 table model, 2 view models in 0 hours 0 minutes and 2.93 seconds (2.93s).
[2025-04-02T14:40:28.728+0000] {subprocess.py:106} INFO - [0m14:40:28
[2025-04-02T14:40:28.728+0000] {subprocess.py:106} INFO - [0m14:40:28  [32mCompleted successfully[0m
[2025-04-02T14:40:28.729+0000] {subprocess.py:106} INFO - [0m14:40:28
[2025-04-02T14:40:28.729+0000] {subprocess.py:106} INFO - [0m14:40:28  Done. PASS=3 WARN=0 ERROR=0 SKIP=0 TOTAL=3
[2025-04-02T14:40:29.198+0000] {subprocess.py:110} INFO - Command exited with return code 0
[2025-04-02T14:40:29.227+0000] {taskinstance.py:341} INFO - ::group::Post task execution logs
[2025-04-02T14:40:29.228+0000] {taskinstance.py:353} INFO - Marking task as SUCCESS. dag_id=nba_data_pipeline, task_id=dbt_run, run_id=manual__2025-04-02T14:40:09.545798+00:00, execution_date=20250402T144009, start_date=20250402T144023, end_date=20250402T144029
[2025-04-02T14:40:29.288+0000] {local_task_job_runner.py:266} INFO - Task exited with return code 0
[2025-04-02T14:40:29.300+0000] {taskinstance.py:3901} INFO - 0 downstream tasks scheduled from follow-on schedule check
[2025-04-02T14:40:29.301+0000] {local_task_job_runner.py:245} INFO - ::endgroup::
